<?xml version="1.0" encoding="UTF-8"?>
<coverage generated="1646163185549" clover="3.2.0">
  <project timestamp="1646163185549" name="All files">
    <metrics statements="20" coveredstatements="20" conditionals="10" coveredconditionals="10" methods="5" coveredmethods="5" elements="35" coveredelements="35" complexity="0" loc="20" ncloc="20" packages="1" files="2" classes="2"/>
    <file name="calculator.js" path="/Users/italoalberto/Documents/cursos/testes-vedoveli/projeto1/src/lib/calculator.js">
      <metrics statements="6" coveredstatements="6" conditionals="4" coveredconditionals="4" methods="1" coveredmethods="1"/>
      <line num="1" count="1" type="stmt"/>
      <line num="2" count="3" type="stmt"/>
      <line num="3" count="3" type="stmt"/>
      <line num="5" count="3" type="cond" truecount="4" falsecount="0"/>
      <line num="6" count="1" type="stmt"/>
      <line num="9" count="2" type="stmt"/>
    </file>
    <file name="queryString.js" path="/Users/italoalberto/Documents/cursos/testes-vedoveli/projeto1/src/lib/queryString.js">
      <metrics statements="14" coveredstatements="14" conditionals="6" coveredconditionals="6" methods="4" coveredmethods="4"/>
      <line num="1" count="1" type="stmt"/>
      <line num="2" count="3" type="stmt"/>
      <line num="4" count="6" type="cond" truecount="4" falsecount="0"/>
      <line num="5" count="1" type="stmt"/>
      <line num="8" count="5" type="stmt"/>
      <line num="12" count="2" type="stmt"/>
      <line num="15" count="1" type="stmt"/>
      <line num="16" count="3" type="stmt"/>
      <line num="17" count="5" type="stmt"/>
      <line num="19" count="5" type="cond" truecount="2" falsecount="0"/>
      <line num="20" count="1" type="stmt"/>
      <line num="23" count="5" type="stmt"/>
      <line num="25" count="3" type="stmt"/>
      <line num="27" count="3" type="stmt"/>
    </file>
  </project>
</coverage>
